<?xml version="1.0" encoding="UTF-8"?>
<!-- Generated by org.testng.reporters.JUnitReportReporter -->
<testsuite hostname="john-PC" name="testRunner.Runner" tests="1" failures="0" timestamp="6 Mar 2020 06:55:35 GMT" time="15.522" errors="0">
  <testcase name="feature" time="15.522" classname="testRunner.Runner"/>
</testsuite> <!-- testRunner.Runner -->
